# JRE version: Java(TM) SE Runtime Environment (8.0_191-b12) (build 1.8.0_191-b12)
# Java VM: Java HotSpot(TM) Client VM (25.191-b12 mixed mode windows-x86 )
Heap:
 def new generation   total 157248K, used 5276K [0x04600000, 0x0f0a0000, 0x0f0a0000)
  eden space 139776K,   3% used [0x04600000, 0x04b27328, 0x0ce80000)
  from space 17472K,   0% used [0x0ce80000, 0x0ce80000, 0x0df90000)
  to   space 17472K,   0% used [0x0df90000, 0x0df90000, 0x0f0a0000)
 tenured generation   total 349568K, used 286100K [0x0f0a0000, 0x24600000, 0x24600000)
   the space 349568K,  81% used [0x0f0a0000, 0x208051a8, 0x20805200, 0x24600000)
 Metaspace       used 25291K, capacity 25818K, committed 25984K, reserved 25984K
GC Heap History (10 events):
Event: 583.107 GC heap before
{Heap before GC invocations=17 (full 5):
 def new generation   total 147328K, used 145206K [0x04600000, 0x0e5d0000, 0x0f0a0000)
  eden space 131008K,  98% used [0x04600000, 0x0c3ddb60, 0x0c5f0000)
  from space 16320K, 100% used [0x0d5e0000, 0x0e5d0000, 0x0e5d0000)
  to   space 16320K,   0% used [0x0c5f0000, 0x0c5f0000, 0x0d5e0000)
 tenured generation   total 327188K, used 241541K [0x0f0a0000, 0x23025000, 0x24600000)
   the space 327188K,  73% used [0x0f0a0000, 0x1dc81408, 0x1dc81600, 0x23025000)
 Metaspace       used 25291K, capacity 25818K, committed 25984K, reserved 25984K
Event: 583.394 GC heap after
Heap after GC invocations=18 (full 5):
 def new generation   total 147328K, used 16319K [0x04600000, 0x0e5d0000, 0x0f0a0000)
  eden space 131008K,   0% used [0x04600000, 0x04600000, 0x0c5f0000)
  from space 16320K,  99% used [0x0c5f0000, 0x0d5dfff8, 0x0d5e0000)
  to   space 16320K,   0% used [0x0d5e0000, 0x0d5e0000, 0x0e5d0000)
 tenured generation   total 327188K, used 294001K [0x0f0a0000, 0x23025000, 0x24600000)
   the space 327188K,  89% used [0x0f0a0000, 0x20fbc448, 0x20fbc600, 0x23025000)
 Metaspace       used 25291K, capacity 25818K, committed 25984K, reserved 25984K
}
Event: 590.480 GC heap before
{Heap before GC invocations=18 (full 5):
 def new generation   total 147328K, used 143993K [0x04600000, 0x0e5d0000, 0x0f0a0000)
  eden space 131008K,  97% used [0x04600000, 0x0c2ae6e8, 0x0c5f0000)
  from space 16320K,  99% used [0x0c5f0000, 0x0d5dfff8, 0x0d5e0000)
  to   space 16320K,   0% used [0x0d5e0000, 0x0d5e0000, 0x0e5d0000)
 tenured generation   total 327188K, used 294001K [0x0f0a0000, 0x23025000, 0x24600000)
   the space 327188K,  89% used [0x0f0a0000, 0x20fbc448, 0x20fbc600, 0x23025000)
 Metaspace       used 25291K, capacity 25818K, committed 25984K, reserved 25984K
Event: 591.484 GC heap after
Heap after GC invocations=19 (full 6):
 def new generation   total 157248K, used 0K [0x04600000, 0x0f0a0000, 0x0f0a0000)
  eden space 139776K,   0% used [0x04600000, 0x04600000, 0x0ce80000)
  from space 17472K,   0% used [0x0ce80000, 0x0ce80000, 0x0df90000)
  to   space 17472K,   0% used [0x0df90000, 0x0df90000, 0x0f0a0000)
 tenured generation   total 349568K, used 282797K [0x0f0a0000, 0x24600000, 0x24600000)
   the space 349568K,  80% used [0x0f0a0000, 0x204cb7b8, 0x204cb800, 0x24600000)
 Metaspace       used 25291K, capacity 25818K, committed 25984K, reserved 25984K
}
Event: 599.525 GC heap before
{Heap before GC invocations=19 (full 6):
 def new generation   total 157248K, used 138759K [0x04600000, 0x0f0a0000, 0x0f0a0000)
  eden space 139776K,  99% used [0x04600000, 0x0cd81e98, 0x0ce80000)
  from space 17472K,   0% used [0x0ce80000, 0x0ce80000, 0x0df90000)
  to   space 17472K,   0% used [0x0df90000, 0x0df90000, 0x0f0a0000)
 tenured generation   total 349568K, used 282797K [0x0f0a0000, 0x24600000, 0x24600000)
   the space 349568K,  80% used [0x0f0a0000, 0x204cb7b8, 0x204cb800, 0x24600000)
 Metaspace       used 25291K, capacity 25818K, committed 25984K, reserved 25984K
Event: 600.868 GC heap after
Heap after GC invocations=20 (full 7):
 def new generation   total 157248K, used 0K [0x04600000, 0x0f0a0000, 0x0f0a0000)
  eden space 139776K,   0% used [0x04600000, 0x04600000, 0x0ce80000)
  from space 17472K,   0% used [0x0df90000, 0x0df90000, 0x0f0a0000)
  to   space 17472K,   0% used [0x0ce80000, 0x0ce80000, 0x0df90000)
 tenured generation   total 349568K, used 251388K [0x0f0a0000, 0x24600000, 0x24600000)
   the space 349568K,  71% used [0x0f0a0000, 0x1e61f0c8, 0x1e61f200, 0x24600000)
 Metaspace       used 25291K, capacity 25818K, committed 25984K, reserved 25984K
}
Event: 608.353 GC heap before
{Heap before GC invocations=20 (full 7):
 def new generation   total 157248K, used 139776K [0x04600000, 0x0f0a0000, 0x0f0a0000)
  eden space 139776K, 100% used [0x04600000, 0x0ce80000, 0x0ce80000)
  from space 17472K,   0% used [0x0df90000, 0x0df90000, 0x0f0a0000)
  to   space 17472K,   0% used [0x0ce80000, 0x0ce80000, 0x0df90000)
 tenured generation   total 349568K, used 251388K [0x0f0a0000, 0x24600000, 0x24600000)
   the space 349568K,  71% used [0x0f0a0000, 0x1e61f0c8, 0x1e61f200, 0x24600000)
 Metaspace       used 25291K, capacity 25818K, committed 25984K, reserved 25984K
Event: 608.674 GC heap after
Heap after GC invocations=21 (full 7):
 def new generation   total 157248K, used 17472K [0x04600000, 0x0f0a0000, 0x0f0a0000)
  eden space 139776K,   0% used [0x04600000, 0x04600000, 0x0ce80000)
  from space 17472K, 100% used [0x0ce80000, 0x0df90000, 0x0df90000)
  to   space 17472K,   0% used [0x0df90000, 0x0df90000, 0x0f0a0000)
 tenured generation   total 349568K, used 337107K [0x0f0a0000, 0x24600000, 0x24600000)
   the space 349568K,  96% used [0x0f0a0000, 0x239d4d40, 0x239d4e00, 0x24600000)
 Metaspace       used 25291K, capacity 25818K, committed 25984K, reserved 25984K
}
Event: 615.820 GC heap before
{Heap before GC invocations=21 (full 7):
 def new generation   total 157248K, used 157248K [0x04600000, 0x0f0a0000, 0x0f0a0000)
  eden space 139776K, 100% used [0x04600000, 0x0ce80000, 0x0ce80000)
  from space 17472K, 100% used [0x0ce80000, 0x0df90000, 0x0df90000)
  to   space 17472K,   0% used [0x0df90000, 0x0df90000, 0x0f0a0000)
 tenured generation   total 349568K, used 337107K [0x0f0a0000, 0x24600000, 0x24600000)
   the space 349568K,  96% used [0x0f0a0000, 0x239d4d40, 0x239d4e00, 0x24600000)
 Metaspace       used 25291K, capacity 25818K, committed 25984K, reserved 25984K
Event: 616.935 GC heap after
Heap after GC invocations=22 (full 8):
 def new generation   total 157248K, used 0K [0x04600000, 0x0f0a0000, 0x0f0a0000)
  eden space 139776K,   0% used [0x04600000, 0x04600000, 0x0ce80000)
  from space 17472K,   0% used [0x0ce80000, 0x0ce80000, 0x0df90000)
  to   space 17472K,   0% used [0x0df90000, 0x0df90000, 0x0f0a0000)
 tenured generation   total 349568K, used 286100K [0x0f0a0000, 0x24600000, 0x24600000)
   the space 349568K,  81% used [0x0f0a0000, 0x208051a8, 0x20805200, 0x24600000)
 Metaspace       used 25291K, capacity 25818K, committed 25984K, reserved 25984K
}

