# JRE version: Java(TM) SE Runtime Environment (8.0_191-b12) (build 1.8.0_191-b12)
# Java VM: Java HotSpot(TM) Client VM (25.191-b12 mixed mode windows-x86 )
Heap:
 def new generation   total 157248K, used 44441K [0x05000000, 0x0faa0000, 0x0faa0000)
  eden space 139776K,  31% used [0x05000000, 0x07b666e0, 0x0d880000)
  from space 17472K,   0% used [0x0d880000, 0x0d880000, 0x0e990000)
  to   space 17472K,   0% used [0x0e990000, 0x0e990000, 0x0faa0000)
 tenured generation   total 349568K, used 292131K [0x0faa0000, 0x25000000, 0x25000000)
   the space 349568K,  83% used [0x0faa0000, 0x217e8f48, 0x217e9000, 0x25000000)
 Metaspace       used 25134K, capacity 25668K, committed 25728K, reserved 25984K
GC Heap History (10 events):
Event: 120.254 GC heap before
{Heap before GC invocations=19 (full 6):
 def new generation   total 157248K, used 157248K [0x05000000, 0x0faa0000, 0x0faa0000)
  eden space 139776K, 100% used [0x05000000, 0x0d880000, 0x0d880000)
  from space 17472K, 100% used [0x0d880000, 0x0e990000, 0x0e990000)
  to   space 17472K,   0% used [0x0e990000, 0x0e990000, 0x0faa0000)
 tenured generation   total 349568K, used 325742K [0x0faa0000, 0x25000000, 0x25000000)
   the space 349568K,  93% used [0x0faa0000, 0x238bbbb8, 0x238bbc00, 0x25000000)
 Metaspace       used 24954K, capacity 25471K, committed 25600K, reserved 25984K
Event: 121.316 GC heap after
Heap after GC invocations=20 (full 7):
 def new generation   total 157248K, used 0K [0x05000000, 0x0faa0000, 0x0faa0000)
  eden space 139776K,   0% used [0x05000000, 0x05000000, 0x0d880000)
  from space 17472K,   0% used [0x0d880000, 0x0d880000, 0x0e990000)
  to   space 17472K,   0% used [0x0e990000, 0x0e990000, 0x0faa0000)
 tenured generation   total 349568K, used 253018K [0x0faa0000, 0x25000000, 0x25000000)
   the space 349568K,  72% used [0x0faa0000, 0x1f1b6950, 0x1f1b6a00, 0x25000000)
 Metaspace       used 24954K, capacity 25471K, committed 25600K, reserved 25984K
}
Event: 131.593 GC heap before
{Heap before GC invocations=20 (full 7):
 def new generation   total 157248K, used 139776K [0x05000000, 0x0faa0000, 0x0faa0000)
  eden space 139776K, 100% used [0x05000000, 0x0d880000, 0x0d880000)
  from space 17472K,   0% used [0x0d880000, 0x0d880000, 0x0e990000)
  to   space 17472K,   0% used [0x0e990000, 0x0e990000, 0x0faa0000)
 tenured generation   total 349568K, used 253018K [0x0faa0000, 0x25000000, 0x25000000)
   the space 349568K,  72% used [0x0faa0000, 0x1f1b6950, 0x1f1b6a00, 0x25000000)
 Metaspace       used 25134K, capacity 25668K, committed 25728K, reserved 25984K
Event: 131.858 GC heap after
Heap after GC invocations=21 (full 7):
 def new generation   total 157248K, used 17472K [0x05000000, 0x0faa0000, 0x0faa0000)
  eden space 139776K,   0% used [0x05000000, 0x05000000, 0x0d880000)
  from space 17472K, 100% used [0x0e990000, 0x0faa0000, 0x0faa0000)
  to   space 17472K,   0% used [0x0d880000, 0x0d880000, 0x0e990000)
 tenured generation   total 349568K, used 302893K [0x0faa0000, 0x25000000, 0x25000000)
   the space 349568K,  86% used [0x0faa0000, 0x2226b7b8, 0x2226b800, 0x25000000)
 Metaspace       used 25134K, capacity 25668K, committed 25728K, reserved 25984K
}
Event: 140.529 GC heap before
{Heap before GC invocations=21 (full 7):
 def new generation   total 157248K, used 157248K [0x05000000, 0x0faa0000, 0x0faa0000)
  eden space 139776K, 100% used [0x05000000, 0x0d880000, 0x0d880000)
  from space 17472K, 100% used [0x0e990000, 0x0faa0000, 0x0faa0000)
  to   space 17472K,   0% used [0x0d880000, 0x0d880000, 0x0e990000)
 tenured generation   total 349568K, used 302893K [0x0faa0000, 0x25000000, 0x25000000)
   the space 349568K,  86% used [0x0faa0000, 0x2226b7b8, 0x2226b800, 0x25000000)
 Metaspace       used 25134K, capacity 25668K, committed 25728K, reserved 25984K
Event: 141.573 GC heap after
Heap after GC invocations=22 (full 8):
 def new generation   total 157248K, used 0K [0x05000000, 0x0faa0000, 0x0faa0000)
  eden space 139776K,   0% used [0x05000000, 0x05000000, 0x0d880000)
  from space 17472K,   0% used [0x0e990000, 0x0e990000, 0x0faa0000)
  to   space 17472K,   0% used [0x0d880000, 0x0d880000, 0x0e990000)
 tenured generation   total 349568K, used 254837K [0x0faa0000, 0x25000000, 0x25000000)
   the space 349568K,  72% used [0x0faa0000, 0x1f37d738, 0x1f37d800, 0x25000000)
 Metaspace       used 25134K, capacity 25668K, committed 25728K, reserved 25984K
}
Event: 151.795 GC heap before
{Heap before GC invocations=22 (full 8):
 def new generation   total 157248K, used 139776K [0x05000000, 0x0faa0000, 0x0faa0000)
  eden space 139776K, 100% used [0x05000000, 0x0d880000, 0x0d880000)
  from space 17472K,   0% used [0x0e990000, 0x0e990000, 0x0faa0000)
  to   space 17472K,   0% used [0x0d880000, 0x0d880000, 0x0e990000)
 tenured generation   total 349568K, used 254837K [0x0faa0000, 0x25000000, 0x25000000)
   the space 349568K,  72% used [0x0faa0000, 0x1f37d738, 0x1f37d800, 0x25000000)
 Metaspace       used 25134K, capacity 25668K, committed 25728K, reserved 25984K
Event: 152.035 GC heap after
Heap after GC invocations=23 (full 8):
 def new generation   total 157248K, used 17472K [0x05000000, 0x0faa0000, 0x0faa0000)
  eden space 139776K,   0% used [0x05000000, 0x05000000, 0x0d880000)
  from space 17472K, 100% used [0x0d880000, 0x0e990000, 0x0e990000)
  to   space 17472K,   0% used [0x0e990000, 0x0e990000, 0x0faa0000)
 tenured generation   total 349568K, used 303868K [0x0faa0000, 0x25000000, 0x25000000)
   the space 349568K,  86% used [0x0faa0000, 0x2235f088, 0x2235f200, 0x25000000)
 Metaspace       used 25134K, capacity 25668K, committed 25728K, reserved 25984K
}
Event: 159.884 GC heap before
{Heap before GC invocations=23 (full 8):
 def new generation   total 157248K, used 155172K [0x05000000, 0x0faa0000, 0x0faa0000)
  eden space 139776K,  98% used [0x05000000, 0x0d679030, 0x0d880000)
  from space 17472K, 100% used [0x0d880000, 0x0e990000, 0x0e990000)
  to   space 17472K,   0% used [0x0e990000, 0x0e990000, 0x0faa0000)
 tenured generation   total 349568K, used 303868K [0x0faa0000, 0x25000000, 0x25000000)
   the space 349568K,  86% used [0x0faa0000, 0x2235f088, 0x2235f200, 0x25000000)
 Metaspace       used 25134K, capacity 25668K, committed 25728K, reserved 25984K
Event: 161.029 GC heap after
Heap after GC invocations=24 (full 9):
 def new generation   total 157248K, used 0K [0x05000000, 0x0faa0000, 0x0faa0000)
  eden space 139776K,   0% used [0x05000000, 0x05000000, 0x0d880000)
  from space 17472K,   0% used [0x0d880000, 0x0d880000, 0x0e990000)
  to   space 17472K,   0% used [0x0e990000, 0x0e990000, 0x0faa0000)
 tenured generation   total 349568K, used 292131K [0x0faa0000, 0x25000000, 0x25000000)
   the space 349568K,  83% used [0x0faa0000, 0x217e8f48, 0x217e9000, 0x25000000)
 Metaspace       used 25134K, capacity 25668K, committed 25728K, reserved 25984K
}

